<?xml version="1.0" encoding="UTF-8"?>
<testng-results skipped="0" failed="0" total="1" passed="1">
  <reporter-output>
  </reporter-output>
  <suite name="Default suite" duration-ms="18487" started-at="2018-07-10T09:09:28Z" finished-at="2018-07-10T09:09:46Z">
    <groups>
    </groups>
    <test name="Default test" duration-ms="18487" started-at="2018-07-10T09:09:28Z" finished-at="2018-07-10T09:09:46Z">
      <class name="TestCases.AdvDay2">
        <test-method status="PASS" signature="beforeTest()[pri:0, instance:TestCases.AdvDay2@6d00a15d]" name="beforeTest" is-config="true" duration-ms="13655" started-at="2018-07-10T14:39:28Z" finished-at="2018-07-10T14:39:42Z">
          <reporter-output>
          </reporter-output>
        </test-method> <!-- beforeTest -->
        <test-method status="PASS" signature="f()[pri:0, instance:TestCases.AdvDay2@6d00a15d]" name="f" duration-ms="4816" started-at="2018-07-10T14:39:42Z" finished-at="2018-07-10T14:39:46Z">
          <reporter-output>
          </reporter-output>
        </test-method> <!-- f -->
        <test-method status="PASS" signature="afterTest()[pri:0, instance:TestCases.AdvDay2@6d00a15d]" name="afterTest" is-config="true" duration-ms="0" started-at="2018-07-10T14:39:46Z" finished-at="2018-07-10T14:39:46Z">
          <reporter-output>
          </reporter-output>
        </test-method> <!-- afterTest -->
      </class> <!-- TestCases.AdvDay2 -->
    </test> <!-- Default test -->
  </suite> <!-- Default suite -->
</testng-results>
